This is pdfTeX, Version 3.141592653-2.6-1.40.25 (MiKTeX 23.4) (preloaded format=pdflatex 2024.6.11)  17 JUN 2024 10:22
entering extended mode
 restricted \write18 enabled.
 %&-line parsing enabled.
**./CantonRuizDavid_Presentacion.tex
(CantonRuizDavid_Presentacion.tex
LaTeX2e <2022-11-01> patch level 1
L3 programming layer <2023-03-30>
(C:\Users\Vaynilla\AppData\Local\Programs\MiKTeX\tex/latex/beamer\beamer.cls
Document Class: beamer 2024/01/06 v3.71 A class for typesetting presentations

(C:\Users\Vaynilla\AppData\Local\Programs\MiKTeX\tex/latex/beamer\beamerbasemod
es.sty
(C:\Users\Vaynilla\AppData\Local\Programs\MiKTeX\tex/latex/etoolbox\etoolbox.st
y
Package: etoolbox 2020/10/05 v2.5k e-TeX tools for LaTeX (JAW)
\etb@tempcnta=\count185
)
\beamer@tempbox=\box51
\beamer@tempcount=\count186
\c@beamerpauses=\count187

(C:\Users\Vaynilla\AppData\Local\Programs\MiKTeX\tex/latex/beamer\beamerbasedec
ode.sty
\beamer@slideinframe=\count188
\beamer@minimum=\count189
\beamer@decode@box=\box52
)
\beamer@commentbox=\box53
\beamer@modecount=\count190
)
(C:\Users\Vaynilla\AppData\Local\Programs\MiKTeX\tex/generic/iftex\iftex.sty
Package: iftex 2022/02/03 v1.0f TeX engine tests
)
\headdp=\dimen140
\footheight=\dimen141
\sidebarheight=\dimen142
\beamer@tempdim=\dimen143
\beamer@finalheight=\dimen144
\beamer@animht=\dimen145
\beamer@animdp=\dimen146
\beamer@animwd=\dimen147
\beamer@leftmargin=\dimen148
\beamer@rightmargin=\dimen149
\beamer@leftsidebar=\dimen150
\beamer@rightsidebar=\dimen151
\beamer@boxsize=\dimen152
\beamer@vboxoffset=\dimen153
\beamer@descdefault=\dimen154
\beamer@descriptionwidth=\dimen155
\beamer@lastskip=\skip48
\beamer@areabox=\box54
\beamer@animcurrent=\box55
\beamer@animshowbox=\box56
\beamer@sectionbox=\box57
\beamer@logobox=\box58
\beamer@linebox=\box59
\beamer@sectioncount=\count191
\beamer@subsubsectionmax=\count192
\beamer@subsectionmax=\count193
\beamer@sectionmax=\count194
\beamer@totalheads=\count195
\beamer@headcounter=\count196
\beamer@partstartpage=\count197
\beamer@sectionstartpage=\count198
\beamer@subsectionstartpage=\count199
\beamer@animationtempa=\count266
\beamer@animationtempb=\count267
\beamer@xpos=\count268
\beamer@ypos=\count269
\beamer@ypos@offset=\count270
\beamer@showpartnumber=\count271
\beamer@currentsubsection=\count272
\beamer@coveringdepth=\count273
\beamer@sectionadjust=\count274
\beamer@toclastsection=\count275
\beamer@tocsectionnumber=\count276

(C:\Users\Vaynilla\AppData\Local\Programs\MiKTeX\tex/latex/beamer\beamerbaseopt
ions.sty
(C:\Users\Vaynilla\AppData\Local\Programs\MiKTeX\tex/latex/graphics\keyval.sty
Package: keyval 2022/05/29 v1.15 key=value parser (DPC)
\KV@toks@=\toks16
))
\beamer@paperwidth=\skip49
\beamer@paperheight=\skip50

(C:\Users\Vaynilla\AppData\Local\Programs\MiKTeX\tex/latex/geometry\geometry.st
y
Package: geometry 2020/01/02 v5.9 Page Geometry
 (C:\Users\Vaynilla\AppData\Local\Programs\MiKTeX\tex/generic/iftex\ifvtex.sty
Package: ifvtex 2019/10/25 v1.7 ifvtex legacy package. Use iftex instead.
)
\Gm@cnth=\count277
\Gm@cntv=\count278
\c@Gm@tempcnt=\count279
\Gm@bindingoffset=\dimen156
\Gm@wd@mp=\dimen157
\Gm@odd@mp=\dimen158
\Gm@even@mp=\dimen159
\Gm@layoutwidth=\dimen160
\Gm@layoutheight=\dimen161
\Gm@layouthoffset=\dimen162
\Gm@layoutvoffset=\dimen163
\Gm@dimlist=\toks17

(C:\Users\Vaynilla\AppData\Local\Programs\MiKTeX\tex/latex/geometry\geometry.cf
g))
(C:\Users\Vaynilla\AppData\Local\Programs\MiKTeX\tex/latex/pgf/math\pgfmath.sty

(C:\Users\Vaynilla\AppData\Local\Programs\MiKTeX\tex/latex/pgf/utilities\pgfrcs
.sty
(C:\Users\Vaynilla\AppData\Local\Programs\MiKTeX\tex/generic/pgf/utilities\pgfu
til-common.tex
\pgfutil@everybye=\toks18
\pgfutil@tempdima=\dimen164
\pgfutil@tempdimb=\dimen165
)
(C:\Users\Vaynilla\AppData\Local\Programs\MiKTeX\tex/generic/pgf/utilities\pgfu
til-latex.def
\pgfutil@abb=\box60
)
(C:\Users\Vaynilla\AppData\Local\Programs\MiKTeX\tex/generic/pgf/utilities\pgfr
cs.code.tex
(C:\Users\Vaynilla\AppData\Local\Programs\MiKTeX\tex/generic/pgf\pgf.revision.t
ex)
Package: pgfrcs 2023-01-15 v3.1.10 (3.1.10)
))
(C:\Users\Vaynilla\AppData\Local\Programs\MiKTeX\tex/latex/pgf/utilities\pgfkey
s.sty
(C:\Users\Vaynilla\AppData\Local\Programs\MiKTeX\tex/generic/pgf/utilities\pgfk
eys.code.tex
\pgfkeys@pathtoks=\toks19
\pgfkeys@temptoks=\toks20

(C:\Users\Vaynilla\AppData\Local\Programs\MiKTeX\tex/generic/pgf/utilities\pgfk
eyslibraryfiltered.code.tex
\pgfkeys@tmptoks=\toks21
)))
(C:\Users\Vaynilla\AppData\Local\Programs\MiKTeX\tex/generic/pgf/math\pgfmath.c
ode.tex
(C:\Users\Vaynilla\AppData\Local\Programs\MiKTeX\tex/generic/pgf/math\pgfmathut
il.code.tex
\pgf@x=\dimen166
\pgf@xa=\dimen167
\pgf@xb=\dimen168
\pgf@xc=\dimen169
\pgf@y=\dimen170
\pgf@ya=\dimen171
\pgf@yb=\dimen172
\pgf@yc=\dimen173
\c@pgf@counta=\count280
\c@pgf@countb=\count281
\c@pgf@countc=\count282
\c@pgf@countd=\count283
)
(C:\Users\Vaynilla\AppData\Local\Programs\MiKTeX\tex/generic/pgf/math\pgfmathpa
rser.code.tex
\pgfmath@dimen=\dimen174
\pgfmath@count=\count284
\pgfmath@box=\box61
\pgfmath@toks=\toks22
\pgfmath@stack@operand=\toks23
\pgfmath@stack@operation=\toks24
)
(C:\Users\Vaynilla\AppData\Local\Programs\MiKTeX\tex/generic/pgf/math\pgfmathfu
nctions.code.tex)
(C:\Users\Vaynilla\AppData\Local\Programs\MiKTeX\tex/generic/pgf/math\pgfmathfu
nctions.basic.code.tex)
(C:\Users\Vaynilla\AppData\Local\Programs\MiKTeX\tex/generic/pgf/math\pgfmathfu
nctions.trigonometric.code.tex)
(C:\Users\Vaynilla\AppData\Local\Programs\MiKTeX\tex/generic/pgf/math\pgfmathfu
nctions.random.code.tex)
(C:\Users\Vaynilla\AppData\Local\Programs\MiKTeX\tex/generic/pgf/math\pgfmathfu
nctions.comparison.code.tex)
(C:\Users\Vaynilla\AppData\Local\Programs\MiKTeX\tex/generic/pgf/math\pgfmathfu
nctions.base.code.tex)
(C:\Users\Vaynilla\AppData\Local\Programs\MiKTeX\tex/generic/pgf/math\pgfmathfu
nctions.round.code.tex)
(C:\Users\Vaynilla\AppData\Local\Programs\MiKTeX\tex/generic/pgf/math\pgfmathfu
nctions.misc.code.tex)
(C:\Users\Vaynilla\AppData\Local\Programs\MiKTeX\tex/generic/pgf/math\pgfmathfu
nctions.integerarithmetics.code.tex)
(C:\Users\Vaynilla\AppData\Local\Programs\MiKTeX\tex/generic/pgf/math\pgfmathca
lc.code.tex)
(C:\Users\Vaynilla\AppData\Local\Programs\MiKTeX\tex/generic/pgf/math\pgfmathfl
oat.code.tex
\c@pgfmathroundto@lastzeros=\count285
)))
(C:\Users\Vaynilla\AppData\Local\Programs\MiKTeX\tex/latex/base\size11.clo
File: size11.clo 2022/07/02 v1.4n Standard LaTeX file (size option)
)
(C:\Users\Vaynilla\AppData\Local\Programs\MiKTeX\tex/latex/pgf/basiclayer\pgfco
re.sty
(C:\Users\Vaynilla\AppData\Local\Programs\MiKTeX\tex/latex/graphics\graphicx.st
y
Package: graphicx 2021/09/16 v1.2d Enhanced LaTeX Graphics (DPC,SPQR)

(C:\Users\Vaynilla\AppData\Local\Programs\MiKTeX\tex/latex/graphics\graphics.st
y
Package: graphics 2022/03/10 v1.4e Standard LaTeX Graphics (DPC,SPQR)
 (C:\Users\Vaynilla\AppData\Local\Programs\MiKTeX\tex/latex/graphics\trig.sty
Package: trig 2021/08/11 v1.11 sin cos tan (DPC)
)
(C:\Users\Vaynilla\AppData\Local\Programs\MiKTeX\tex/latex/graphics-cfg\graphic
s.cfg
File: graphics.cfg 2016/06/04 v1.11 sample graphics configuration
)
Package graphics Info: Driver file: pdftex.def on input line 107.

(C:\Users\Vaynilla\AppData\Local\Programs\MiKTeX\tex/latex/graphics-def\pdftex.
def
File: pdftex.def 2022/09/22 v1.2b Graphics/color driver for pdftex
))
\Gin@req@height=\dimen175
\Gin@req@width=\dimen176
)
(C:\Users\Vaynilla\AppData\Local\Programs\MiKTeX\tex/latex/pgf/systemlayer\pgfs
ys.sty
(C:\Users\Vaynilla\AppData\Local\Programs\MiKTeX\tex/generic/pgf/systemlayer\pg
fsys.code.tex
Package: pgfsys 2023-01-15 v3.1.10 (3.1.10)
\pgf@x=\dimen177
\pgf@y=\dimen178
\pgf@xa=\dimen179
\pgf@ya=\dimen180
\pgf@xb=\dimen181
\pgf@yb=\dimen182
\pgf@xc=\dimen183
\pgf@yc=\dimen184
\pgf@xd=\dimen185
\pgf@yd=\dimen186
\w@pgf@writea=\write3
\r@pgf@reada=\read2
\c@pgf@counta=\count286
\c@pgf@countb=\count287
\c@pgf@countc=\count288
\c@pgf@countd=\count289
\t@pgf@toka=\toks25
\t@pgf@tokb=\toks26
\t@pgf@tokc=\toks27
\pgf@sys@id@count=\count290

(C:\Users\Vaynilla\AppData\Local\Programs\MiKTeX\tex/generic/pgf/systemlayer\pg
f.cfg
File: pgf.cfg 2023-01-15 v3.1.10 (3.1.10)
)
Driver file for pgf: pgfsys-pdftex.def

(C:\Users\Vaynilla\AppData\Local\Programs\MiKTeX\tex/generic/pgf/systemlayer\pg
fsys-pdftex.def
File: pgfsys-pdftex.def 2023-01-15 v3.1.10 (3.1.10)

(C:\Users\Vaynilla\AppData\Local\Programs\MiKTeX\tex/generic/pgf/systemlayer\pg
fsys-common-pdf.def
File: pgfsys-common-pdf.def 2023-01-15 v3.1.10 (3.1.10)
)))
(C:\Users\Vaynilla\AppData\Local\Programs\MiKTeX\tex/generic/pgf/systemlayer\pg
fsyssoftpath.code.tex
File: pgfsyssoftpath.code.tex 2023-01-15 v3.1.10 (3.1.10)
\pgfsyssoftpath@smallbuffer@items=\count291
\pgfsyssoftpath@bigbuffer@items=\count292
)
(C:\Users\Vaynilla\AppData\Local\Programs\MiKTeX\tex/generic/pgf/systemlayer\pg
fsysprotocol.code.tex
File: pgfsysprotocol.code.tex 2023-01-15 v3.1.10 (3.1.10)
))
(C:\Users\Vaynilla\AppData\Local\Programs\MiKTeX\tex/latex/xcolor\xcolor.sty
Package: xcolor 2022/06/12 v2.14 LaTeX color extensions (UK)

(C:\Users\Vaynilla\AppData\Local\Programs\MiKTeX\tex/latex/graphics-cfg\color.c
fg
File: color.cfg 2016/01/02 v1.6 sample color configuration
)
Package xcolor Info: Driver file: pdftex.def on input line 227.

(C:\Users\Vaynilla\AppData\Local\Programs\MiKTeX\tex/latex/graphics\mathcolor.l
tx)
Package xcolor Info: Model `cmy' substituted by `cmy0' on input line 1353.
Package xcolor Info: Model `hsb' substituted by `rgb' on input line 1357.
Package xcolor Info: Model `RGB' extended on input line 1369.
Package xcolor Info: Model `HTML' substituted by `rgb' on input line 1371.
Package xcolor Info: Model `Hsb' substituted by `hsb' on input line 1372.
Package xcolor Info: Model `tHsb' substituted by `hsb' on input line 1373.
Package xcolor Info: Model `HSB' substituted by `hsb' on input line 1374.
Package xcolor Info: Model `Gray' substituted by `gray' on input line 1375.
Package xcolor Info: Model `wave' substituted by `hsb' on input line 1376.
)
(C:\Users\Vaynilla\AppData\Local\Programs\MiKTeX\tex/generic/pgf/basiclayer\pgf
core.code.tex
Package: pgfcore 2023-01-15 v3.1.10 (3.1.10)

(C:\Users\Vaynilla\AppData\Local\Programs\MiKTeX\tex/generic/pgf/math\pgfint.co
de.tex)
(C:\Users\Vaynilla\AppData\Local\Programs\MiKTeX\tex/generic/pgf/basiclayer\pgf
corepoints.code.tex
File: pgfcorepoints.code.tex 2023-01-15 v3.1.10 (3.1.10)
\pgf@picminx=\dimen187
\pgf@picmaxx=\dimen188
\pgf@picminy=\dimen189
\pgf@picmaxy=\dimen190
\pgf@pathminx=\dimen191
\pgf@pathmaxx=\dimen192
\pgf@pathminy=\dimen193
\pgf@pathmaxy=\dimen194
\pgf@xx=\dimen195
\pgf@xy=\dimen196
\pgf@yx=\dimen197
\pgf@yy=\dimen198
\pgf@zx=\dimen199
\pgf@zy=\dimen256
)
(C:\Users\Vaynilla\AppData\Local\Programs\MiKTeX\tex/generic/pgf/basiclayer\pgf
corepathconstruct.code.tex
File: pgfcorepathconstruct.code.tex 2023-01-15 v3.1.10 (3.1.10)
\pgf@path@lastx=\dimen257
\pgf@path@lasty=\dimen258
)
(C:\Users\Vaynilla\AppData\Local\Programs\MiKTeX\tex/generic/pgf/basiclayer\pgf
corepathusage.code.tex
File: pgfcorepathusage.code.tex 2023-01-15 v3.1.10 (3.1.10)
\pgf@shorten@end@additional=\dimen259
\pgf@shorten@start@additional=\dimen260
)
(C:\Users\Vaynilla\AppData\Local\Programs\MiKTeX\tex/generic/pgf/basiclayer\pgf
corescopes.code.tex
File: pgfcorescopes.code.tex 2023-01-15 v3.1.10 (3.1.10)
\pgfpic=\box62
\pgf@hbox=\box63
\pgf@layerbox@main=\box64
\pgf@picture@serial@count=\count293
)
(C:\Users\Vaynilla\AppData\Local\Programs\MiKTeX\tex/generic/pgf/basiclayer\pgf
coregraphicstate.code.tex
File: pgfcoregraphicstate.code.tex 2023-01-15 v3.1.10 (3.1.10)
\pgflinewidth=\dimen261
)
(C:\Users\Vaynilla\AppData\Local\Programs\MiKTeX\tex/generic/pgf/basiclayer\pgf
coretransformations.code.tex
File: pgfcoretransformations.code.tex 2023-01-15 v3.1.10 (3.1.10)
\pgf@pt@x=\dimen262
\pgf@pt@y=\dimen263
\pgf@pt@temp=\dimen264
)
(C:\Users\Vaynilla\AppData\Local\Programs\MiKTeX\tex/generic/pgf/basiclayer\pgf
corequick.code.tex
File: pgfcorequick.code.tex 2023-01-15 v3.1.10 (3.1.10)
)
(C:\Users\Vaynilla\AppData\Local\Programs\MiKTeX\tex/generic/pgf/basiclayer\pgf
coreobjects.code.tex
File: pgfcoreobjects.code.tex 2023-01-15 v3.1.10 (3.1.10)
)
(C:\Users\Vaynilla\AppData\Local\Programs\MiKTeX\tex/generic/pgf/basiclayer\pgf
corepathprocessing.code.tex
File: pgfcorepathprocessing.code.tex 2023-01-15 v3.1.10 (3.1.10)
)
(C:\Users\Vaynilla\AppData\Local\Programs\MiKTeX\tex/generic/pgf/basiclayer\pgf
corearrows.code.tex
File: pgfcorearrows.code.tex 2023-01-15 v3.1.10 (3.1.10)
\pgfarrowsep=\dimen265
)
(C:\Users\Vaynilla\AppData\Local\Programs\MiKTeX\tex/generic/pgf/basiclayer\pgf
coreshade.code.tex
File: pgfcoreshade.code.tex 2023-01-15 v3.1.10 (3.1.10)
\pgf@max=\dimen266
\pgf@sys@shading@range@num=\count294
\pgf@shadingcount=\count295
)
(C:\Users\Vaynilla\AppData\Local\Programs\MiKTeX\tex/generic/pgf/basiclayer\pgf
coreimage.code.tex
File: pgfcoreimage.code.tex 2023-01-15 v3.1.10 (3.1.10)
)
(C:\Users\Vaynilla\AppData\Local\Programs\MiKTeX\tex/generic/pgf/basiclayer\pgf
coreexternal.code.tex
File: pgfcoreexternal.code.tex 2023-01-15 v3.1.10 (3.1.10)
\pgfexternal@startupbox=\box65
)
(C:\Users\Vaynilla\AppData\Local\Programs\MiKTeX\tex/generic/pgf/basiclayer\pgf
corelayers.code.tex
File: pgfcorelayers.code.tex 2023-01-15 v3.1.10 (3.1.10)
)
(C:\Users\Vaynilla\AppData\Local\Programs\MiKTeX\tex/generic/pgf/basiclayer\pgf
coretransparency.code.tex
File: pgfcoretransparency.code.tex 2023-01-15 v3.1.10 (3.1.10)
)
(C:\Users\Vaynilla\AppData\Local\Programs\MiKTeX\tex/generic/pgf/basiclayer\pgf
corepatterns.code.tex
File: pgfcorepatterns.code.tex 2023-01-15 v3.1.10 (3.1.10)
)
(C:\Users\Vaynilla\AppData\Local\Programs\MiKTeX\tex/generic/pgf/basiclayer\pgf
corerdf.code.tex
File: pgfcorerdf.code.tex 2023-01-15 v3.1.10 (3.1.10)
)))
(C:\Users\Vaynilla\AppData\Local\Programs\MiKTeX\tex/latex/pgf/utilities\xxcolo
r.sty
Package: xxcolor 2003/10/24 ver 0.1
\XC@nummixins=\count296
\XC@countmixins=\count297
)
(C:\Users\Vaynilla\AppData\Local\Programs\MiKTeX\tex/latex/base\atbegshi-ltx.st
y
Package: atbegshi-ltx 2021/01/10 v1.0c Emulation of the original atbegshi
package with kernel methods
)
(C:\Users\Vaynilla\AppData\Local\Programs\MiKTeX\tex/latex/hyperref\hyperref.st
y
Package: hyperref 2023-02-07 v7.00v Hypertext links for LaTeX

(C:\Users\Vaynilla\AppData\Local\Programs\MiKTeX\tex/generic/ltxcmds\ltxcmds.st
y
Package: ltxcmds 2023-12-04 v1.26 LaTeX kernel commands for general use (HO)
)
(C:\Users\Vaynilla\AppData\Local\Programs\MiKTeX\tex/generic/pdftexcmds\pdftexc
mds.sty
Package: pdftexcmds 2020-06-27 v0.33 Utility functions of pdfTeX for LuaTeX (HO
)

(C:\Users\Vaynilla\AppData\Local\Programs\MiKTeX\tex/generic/infwarerr\infwarer
r.sty
Package: infwarerr 2019/12/03 v1.5 Providing info/warning/error messages (HO)
)
Package pdftexcmds Info: \pdf@primitive is available.
Package pdftexcmds Info: \pdf@ifprimitive is available.
Package pdftexcmds Info: \pdfdraftmode found.
)
(C:\Users\Vaynilla\AppData\Local\Programs\MiKTeX\tex/latex/kvsetkeys\kvsetkeys.
sty
Package: kvsetkeys 2022-10-05 v1.19 Key value parser (HO)
)
(C:\Users\Vaynilla\AppData\Local\Programs\MiKTeX\tex/generic/kvdefinekeys\kvdef
inekeys.sty
Package: kvdefinekeys 2019-12-19 v1.6 Define keys (HO)
)
(C:\Users\Vaynilla\AppData\Local\Programs\MiKTeX\tex/generic/pdfescape\pdfescap
e.sty
Package: pdfescape 2019/12/09 v1.15 Implements pdfTeX's escape features (HO)
)
(C:\Users\Vaynilla\AppData\Local\Programs\MiKTeX\tex/latex/hycolor\hycolor.sty
Package: hycolor 2020-01-27 v1.10 Color options for hyperref/bookmark (HO)
)
(C:\Users\Vaynilla\AppData\Local\Programs\MiKTeX\tex/latex/letltxmacro\letltxma
cro.sty
Package: letltxmacro 2019/12/03 v1.6 Let assignment for LaTeX macros (HO)
)
(C:\Users\Vaynilla\AppData\Local\Programs\MiKTeX\tex/latex/auxhook\auxhook.sty
Package: auxhook 2019-12-17 v1.6 Hooks for auxiliary files (HO)
)
(C:\Users\Vaynilla\AppData\Local\Programs\MiKTeX\tex/latex/hyperref\nameref.sty
Package: nameref 2022-05-17 v2.50 Cross-referencing by name of section

(C:\Users\Vaynilla\AppData\Local\Programs\MiKTeX\tex/latex/refcount\refcount.st
y
Package: refcount 2019/12/15 v3.6 Data extraction from label references (HO)
)
(C:\Users\Vaynilla\AppData\Local\Programs\MiKTeX\tex/generic/gettitlestring\get
titlestring.sty
Package: gettitlestring 2019/12/15 v1.6 Cleanup title references (HO)

(C:\Users\Vaynilla\AppData\Local\Programs\MiKTeX\tex/latex/kvoptions\kvoptions.
sty
Package: kvoptions 2022-06-15 v3.15 Key value format for package options (HO)
))
\c@section@level=\count298
)
\@linkdim=\dimen267
\Hy@linkcounter=\count299
\Hy@pagecounter=\count300

(C:\Users\Vaynilla\AppData\Local\Programs\MiKTeX\tex/latex/hyperref\pd1enc.def
File: pd1enc.def 2023-02-07 v7.00v Hyperref: PDFDocEncoding definition (HO)
Now handling font encoding PD1 ...
... no UTF-8 mapping file for font encoding PD1
)
(C:\Users\Vaynilla\AppData\Local\Programs\MiKTeX\tex/generic/intcalc\intcalc.st
y
Package: intcalc 2019/12/15 v1.3 Expandable calculations with integers (HO)
)
(C:\Users\Vaynilla\AppData\Local\Programs\MiKTeX\tex/generic/etexcmds\etexcmds.
sty
Package: etexcmds 2019/12/15 v1.7 Avoid name clashes with e-TeX commands (HO)
)
\Hy@SavedSpaceFactor=\count301

(C:\Users\Vaynilla\AppData\Local\Programs\MiKTeX\tex/latex/hyperref\puenc.def
File: puenc.def 2023-02-07 v7.00v Hyperref: PDF Unicode definition (HO)
Now handling font encoding PU ...
... no UTF-8 mapping file for font encoding PU
)
Package hyperref Info: Option `bookmarks' set `true' on input line 4060.
Package hyperref Info: Option `bookmarksopen' set `true' on input line 4060.
Package hyperref Info: Option `implicit' set `false' on input line 4060.
Package hyperref Info: Hyper figures OFF on input line 4177.
Package hyperref Info: Link nesting OFF on input line 4182.
Package hyperref Info: Hyper index ON on input line 4185.
Package hyperref Info: Plain pages OFF on input line 4192.
Package hyperref Info: Backreferencing OFF on input line 4197.
Package hyperref Info: Implicit mode OFF; no redefinition of LaTeX internals.
Package hyperref Info: Bookmarks ON on input line 4425.
\c@Hy@tempcnt=\count302

(C:\Users\Vaynilla\AppData\Local\Programs\MiKTeX\tex/latex/url\url.sty
\Urlmuskip=\muskip16
Package: url 2013/09/16  ver 3.4  Verb mode for urls, etc.
)
LaTeX Info: Redefining \url on input line 4763.
\XeTeXLinkMargin=\dimen268

(C:\Users\Vaynilla\AppData\Local\Programs\MiKTeX\tex/generic/bitset\bitset.sty
Package: bitset 2019/12/09 v1.3 Handle bit-vector datatype (HO)

(C:\Users\Vaynilla\AppData\Local\Programs\MiKTeX\tex/generic/bigintcalc\bigintc
alc.sty
Package: bigintcalc 2019/12/15 v1.5 Expandable calculations on big integers (HO
)
))
\Fld@menulength=\count303
\Field@Width=\dimen269
\Fld@charsize=\dimen270
Package hyperref Info: Hyper figures OFF on input line 6042.
Package hyperref Info: Link nesting OFF on input line 6047.
Package hyperref Info: Hyper index ON on input line 6050.
Package hyperref Info: backreferencing OFF on input line 6057.
Package hyperref Info: Link coloring OFF on input line 6062.
Package hyperref Info: Link coloring with OCG OFF on input line 6067.
Package hyperref Info: PDF/A mode OFF on input line 6072.
\Hy@abspage=\count304


Package hyperref Message: Stopped early.

)
Package hyperref Info: Driver (autodetected): hpdftex.

(C:\Users\Vaynilla\AppData\Local\Programs\MiKTeX\tex/latex/hyperref\hpdftex.def
File: hpdftex.def 2023-02-07 v7.00v Hyperref driver for pdfTeX

(C:\Users\Vaynilla\AppData\Local\Programs\MiKTeX\tex/latex/base\atveryend-ltx.s
ty
Package: atveryend-ltx 2020/08/19 v1.0a Emulation of the original atveryend pac
kage
with kernel methods
)
\Fld@listcount=\count305
\c@bookmark@seq@number=\count306

(C:\Users\Vaynilla\AppData\Local\Programs\MiKTeX\tex/latex/rerunfilecheck\rerun
filecheck.sty
Package: rerunfilecheck 2022-07-10 v1.10 Rerun checks for auxiliary files (HO)

(C:\Users\Vaynilla\AppData\Local\Programs\MiKTeX\tex/generic/uniquecounter\uniq
uecounter.sty
Package: uniquecounter 2019/12/15 v1.4 Provide unlimited unique counter (HO)
)
Package uniquecounter Info: New unique counter `rerunfilecheck' on input line 2
85.
))
(C:\Users\Vaynilla\AppData\Local\Programs\MiKTeX\tex/latex/beamer\beamerbasereq
uires.sty
(C:\Users\Vaynilla\AppData\Local\Programs\MiKTeX\tex/latex/beamer\beamerbasecom
patibility.sty)
(C:\Users\Vaynilla\AppData\Local\Programs\MiKTeX\tex/latex/beamer\beamerbasefon
t.sty
(C:\Users\Vaynilla\AppData\Local\Programs\MiKTeX\tex/latex/amsfonts\amssymb.sty
Package: amssymb 2013/01/14 v3.01 AMS font symbols

(C:\Users\Vaynilla\AppData\Local\Programs\MiKTeX\tex/latex/amsfonts\amsfonts.st
y
Package: amsfonts 2013/01/14 v3.01 Basic AMSFonts support
\@emptytoks=\toks28
\symAMSa=\mathgroup4
\symAMSb=\mathgroup5
LaTeX Font Info:    Redeclaring math symbol \hbar on input line 98.
LaTeX Font Info:    Overwriting math alphabet `\mathfrak' in version `bold'
(Font)                  U/euf/m/n --> U/euf/b/n on input line 106.
))
(C:\Users\Vaynilla\AppData\Local\Programs\MiKTeX\tex/latex/sansmathaccent\sansm
athaccent.sty
Package: sansmathaccent 2020/01/31

(C:\Users\Vaynilla\AppData\Local\Programs\MiKTeX\tex/latex/koma-script\scrlfile
.sty
Package: scrlfile 2023/07/07 v3.41 KOMA-Script package (file load hooks)

(C:\Users\Vaynilla\AppData\Local\Programs\MiKTeX\tex/latex/koma-script\scrlfile
-hook.sty
Package: scrlfile-hook 2023/07/07 v3.41 KOMA-Script package (using LaTeX hooks)


(C:\Users\Vaynilla\AppData\Local\Programs\MiKTeX\tex/latex/koma-script\scrlogo.
sty
Package: scrlogo 2023/07/07 v3.41 KOMA-Script package (logo)
)))))
(C:\Users\Vaynilla\AppData\Local\Programs\MiKTeX\tex/latex/beamer\beamerbasetra
nslator.sty
(C:\Users\Vaynilla\AppData\Local\Programs\MiKTeX\tex/latex/translator\translato
r.sty
Package: translator 2021-05-31 v1.12d Easy translation of strings in LaTeX
))
(C:\Users\Vaynilla\AppData\Local\Programs\MiKTeX\tex/latex/beamer\beamerbasemis
c.sty)
(C:\Users\Vaynilla\AppData\Local\Programs\MiKTeX\tex/latex/beamer\beamerbasetwo
screens.sty)
(C:\Users\Vaynilla\AppData\Local\Programs\MiKTeX\tex/latex/beamer\beamerbaseove
rlay.sty
\beamer@argscount=\count307
\beamer@lastskipcover=\skip51
\beamer@trivlistdepth=\count308
)
(C:\Users\Vaynilla\AppData\Local\Programs\MiKTeX\tex/latex/beamer\beamerbasetit
le.sty)
(C:\Users\Vaynilla\AppData\Local\Programs\MiKTeX\tex/latex/beamer\beamerbasesec
tion.sty
\c@lecture=\count309
\c@part=\count310
\c@section=\count311
\c@subsection=\count312
\c@subsubsection=\count313
)
(C:\Users\Vaynilla\AppData\Local\Programs\MiKTeX\tex/latex/beamer\beamerbasefra
me.sty
\beamer@framebox=\box66
\beamer@frametitlebox=\box67
\beamer@zoombox=\box68
\beamer@zoomcount=\count314
\beamer@zoomframecount=\count315
\beamer@frametextheight=\dimen271
\c@subsectionslide=\count316
\beamer@frametopskip=\skip52
\beamer@framebottomskip=\skip53
\beamer@frametopskipautobreak=\skip54
\beamer@framebottomskipautobreak=\skip55
\beamer@envbody=\toks29
\framewidth=\dimen272
\c@framenumber=\count317
)
(C:\Users\Vaynilla\AppData\Local\Programs\MiKTeX\tex/latex/beamer\beamerbasever
batim.sty
\beamer@verbatimfileout=\write4
)
(C:\Users\Vaynilla\AppData\Local\Programs\MiKTeX\tex/latex/beamer\beamerbasefra
mesize.sty
\beamer@splitbox=\box69
\beamer@autobreakcount=\count318
\beamer@autobreaklastheight=\dimen273
\beamer@frametitletoks=\toks30
\beamer@framesubtitletoks=\toks31
)
(C:\Users\Vaynilla\AppData\Local\Programs\MiKTeX\tex/latex/beamer\beamerbasefra
mecomponents.sty
\beamer@footins=\box70
)
(C:\Users\Vaynilla\AppData\Local\Programs\MiKTeX\tex/latex/beamer\beamerbasecol
or.sty)
(C:\Users\Vaynilla\AppData\Local\Programs\MiKTeX\tex/latex/beamer\beamerbasenot
es.sty
\beamer@frameboxcopy=\box71
)
(C:\Users\Vaynilla\AppData\Local\Programs\MiKTeX\tex/latex/beamer\beamerbasetoc
.sty)
(C:\Users\Vaynilla\AppData\Local\Programs\MiKTeX\tex/latex/beamer\beamerbasetem
plates.sty
\beamer@sbttoks=\toks32

(C:\Users\Vaynilla\AppData\Local\Programs\MiKTeX\tex/latex/beamer\beamerbaseaux
templates.sty
(C:\Users\Vaynilla\AppData\Local\Programs\MiKTeX\tex/latex/beamer\beamerbasebox
es.sty
\bmb@box=\box72
\bmb@colorbox=\box73
\bmb@boxwidth=\dimen274
\bmb@boxheight=\dimen275
\bmb@prevheight=\dimen276
\bmb@temp=\dimen277
\bmb@dima=\dimen278
\bmb@dimb=\dimen279
\bmb@prevheight=\dimen280
)
\beamer@blockheadheight=\dimen281
))
(C:\Users\Vaynilla\AppData\Local\Programs\MiKTeX\tex/latex/beamer\beamerbaseloc
alstructure.sty
(C:\Users\Vaynilla\AppData\Local\Programs\MiKTeX\tex/latex/tools\enumerate.sty
Package: enumerate 2015/07/23 v3.00 enumerate extensions (DPC)
\@enLab=\toks33
)
\beamer@bibiconwidth=\skip56
\c@figure=\count319
\c@table=\count320
\abovecaptionskip=\skip57
\belowcaptionskip=\skip58
)
(C:\Users\Vaynilla\AppData\Local\Programs\MiKTeX\tex/latex/beamer\beamerbasenav
igation.sty
(C:\Users\Vaynilla\AppData\Local\Programs\MiKTeX\tex/latex/beamer\beamerbasenav
igationsymbols.tex)
\beamer@section@min@dim=\dimen282
)
(C:\Users\Vaynilla\AppData\Local\Programs\MiKTeX\tex/latex/beamer\beamerbasethe
orems.sty
(C:\Users\Vaynilla\AppData\Local\Programs\MiKTeX\tex/latex/amsmath\amsmath.sty
Package: amsmath 2022/04/08 v2.17n AMS math features
\@mathmargin=\skip59

For additional information on amsmath, use the `?' option.
(C:\Users\Vaynilla\AppData\Local\Programs\MiKTeX\tex/latex/amsmath\amstext.sty
Package: amstext 2021/08/26 v2.01 AMS text

(C:\Users\Vaynilla\AppData\Local\Programs\MiKTeX\tex/latex/amsmath\amsgen.sty
File: amsgen.sty 1999/11/30 v2.0 generic functions
\@emptytoks=\toks34
\ex@=\dimen283
)) (C:\Users\Vaynilla\AppData\Local\Programs\MiKTeX\tex/latex/amsmath\amsbsy.st
y
Package: amsbsy 1999/11/29 v1.2d Bold Symbols
\pmbraise@=\dimen284
) (C:\Users\Vaynilla\AppData\Local\Programs\MiKTeX\tex/latex/amsmath\amsopn.sty
Package: amsopn 2022/04/08 v2.04 operator names
)
\inf@bad=\count321
LaTeX Info: Redefining \frac on input line 234.
\uproot@=\count322
\leftroot@=\count323
LaTeX Info: Redefining \overline on input line 399.
LaTeX Info: Redefining \colon on input line 410.
\classnum@=\count324
\DOTSCASE@=\count325
LaTeX Info: Redefining \ldots on input line 496.
LaTeX Info: Redefining \dots on input line 499.
LaTeX Info: Redefining \cdots on input line 620.
\Mathstrutbox@=\box74
\strutbox@=\box75
LaTeX Info: Redefining \big on input line 722.
LaTeX Info: Redefining \Big on input line 723.
LaTeX Info: Redefining \bigg on input line 724.
LaTeX Info: Redefining \Bigg on input line 725.
\big@size=\dimen285
LaTeX Font Info:    Redeclaring font encoding OML on input line 743.
LaTeX Font Info:    Redeclaring font encoding OMS on input line 744.
\macc@depth=\count326
LaTeX Info: Redefining \bmod on input line 905.
LaTeX Info: Redefining \pmod on input line 910.
LaTeX Info: Redefining \smash on input line 940.
LaTeX Info: Redefining \relbar on input line 970.
LaTeX Info: Redefining \Relbar on input line 971.
\c@MaxMatrixCols=\count327
\dotsspace@=\muskip17
\c@parentequation=\count328
\dspbrk@lvl=\count329
\tag@help=\toks35
\row@=\count330
\column@=\count331
\maxfields@=\count332
\andhelp@=\toks36
\eqnshift@=\dimen286
\alignsep@=\dimen287
\tagshift@=\dimen288
\tagwidth@=\dimen289
\totwidth@=\dimen290
\lineht@=\dimen291
\@envbody=\toks37
\multlinegap=\skip60
\multlinetaggap=\skip61
\mathdisplay@stack=\toks38
LaTeX Info: Redefining \[ on input line 2953.
LaTeX Info: Redefining \] on input line 2954.
) (C:\Users\Vaynilla\AppData\Local\Programs\MiKTeX\tex/latex/amscls\amsthm.sty
Package: amsthm 2020/05/29 v2.20.6
\thm@style=\toks39
\thm@bodyfont=\toks40
\thm@headfont=\toks41
\thm@notefont=\toks42
\thm@headpunct=\toks43
\thm@preskip=\skip62
\thm@postskip=\skip63
\thm@headsep=\skip64
\dth@everypar=\toks44
)
\c@theorem=\count333
)
(C:\Users\Vaynilla\AppData\Local\Programs\MiKTeX\tex/latex/beamer\beamerbasethe
mes.sty))
(C:\Users\Vaynilla\AppData\Local\Programs\MiKTeX\tex/latex/beamer\beamerthemede
fault.sty
(C:\Users\Vaynilla\AppData\Local\Programs\MiKTeX\tex/latex/beamer\beamerfontthe
medefault.sty)
(C:\Users\Vaynilla\AppData\Local\Programs\MiKTeX\tex/latex/beamer\beamercolorth
emedefault.sty)
(C:\Users\Vaynilla\AppData\Local\Programs\MiKTeX\tex/latex/beamer\beamerinnerth
emedefault.sty
\beamer@dima=\dimen292
\beamer@dimb=\dimen293
)
(C:\Users\Vaynilla\AppData\Local\Programs\MiKTeX\tex/latex/beamer\beamerouterth
emedefault.sty)))
(C:\Users\Vaynilla\AppData\Local\Programs\MiKTeX\tex/latex/beamer\beamerthemeWa
rsaw.sty
(C:\Users\Vaynilla\AppData\Local\Programs\MiKTeX\tex/latex/beamer\beamerinnerth
emerounded.sty)
(C:\Users\Vaynilla\AppData\Local\Programs\MiKTeX\tex/latex/beamer\beamerouterth
emeshadow.sty
(C:\Users\Vaynilla\AppData\Local\Programs\MiKTeX\tex/latex/beamer\beamerouterth
emesplit.sty))
(C:\Users\Vaynilla\AppData\Local\Programs\MiKTeX\tex/latex/beamer\beamercolorth
emeorchid.sty)
(C:\Users\Vaynilla\AppData\Local\Programs\MiKTeX\tex/latex/beamer\beamercolorth
emewhale.sty))
(C:\Users\Vaynilla\AppData\Local\Programs\MiKTeX\tex/latex/caption\subcaption.s
ty
Package: subcaption 2023/07/28 v1.6b Sub-captions (AR)

(C:\Users\Vaynilla\AppData\Local\Programs\MiKTeX\tex/latex/caption\caption.sty
Package: caption 2023/08/05 v3.6o Customizing captions (AR)

(C:\Users\Vaynilla\AppData\Local\Programs\MiKTeX\tex/latex/caption\caption3.sty
Package: caption3 2023/07/31 v2.4d caption3 kernel (AR)
\caption@tempdima=\dimen294
\captionmargin=\dimen295
\caption@leftmargin=\dimen296
\caption@rightmargin=\dimen297
\caption@width=\dimen298
\caption@indent=\dimen299
\caption@parindent=\dimen300
\caption@hangindent=\dimen301
Package caption Info: beamer document class detected.

(C:\Users\Vaynilla\AppData\Local\Programs\MiKTeX\tex/latex/caption\caption-beam
er.sto
File: caption-beamer.sto 2022/01/06 v2.0c Adaption of the caption package to th
e beamer document classes (AR)
))
\c@caption@flags=\count334
\c@continuedfloat=\count335
Package caption Info: hyperref package is loaded.
Package caption Info: Hyperref support is turned off
(caption)             because hyperref has stopped early.
)
Package caption Info: New subtype `subfigure' on input line 238.
\c@subfigure=\count336
Package caption Info: New subtype `subtable' on input line 238.
\c@subtable=\count337
)
(C:\Users\Vaynilla\AppData\Local\Programs\MiKTeX\tex/latex/mathtools\empheq.sty
Package: empheq 2017/03/31 v2.15 Emphasizing equations

(C:\Users\Vaynilla\AppData\Local\Programs\MiKTeX\tex/latex/mathtools\mhsetup.st
y
Package: mhsetup 2021/03/18 v1.4 programming setup (MH)
)
(C:\Users\Vaynilla\AppData\Local\Programs\MiKTeX\tex/latex/mathtools\mathtools.
sty
Package: mathtools 2024/03/11 v1.30 mathematical typesetting tools
 (C:\Users\Vaynilla\AppData\Local\Programs\MiKTeX\tex/latex/tools\calc.sty
Package: calc 2017/05/25 v4.3 Infix arithmetic (KKT,FJ)
\calc@Acount=\count338
\calc@Bcount=\count339
\calc@Adimen=\dimen302
\calc@Bdimen=\dimen303
\calc@Askip=\skip65
\calc@Bskip=\skip66
LaTeX Info: Redefining \setlength on input line 80.
LaTeX Info: Redefining \addtolength on input line 81.
\calc@Ccount=\count340
\calc@Cskip=\skip67
)
\g_MT_multlinerow_int=\count341
\l_MT_multwidth_dim=\dimen304
\origjot=\skip68
\l_MT_shortvdotswithinadjustabove_dim=\dimen305
\l_MT_shortvdotswithinadjustbelow_dim=\dimen306
\l_MT_above_intertext_sep=\dimen307
\l_MT_below_intertext_sep=\dimen308
\l_MT_above_shortintertext_sep=\dimen309
\l_MT_below_shortintertext_sep=\dimen310
\xmathstrut@box=\box76
\xmathstrut@dim=\dimen311
)
\l_EQ_equationtype_int=\count342
\l_EQ_alignmentmode_int=\count343
\l_EQ_totalwidth_dim=\dimen312
\l_EQ_displaywidth_dim=\dimen313
\l_EQ_temp_linewidth_dim=\dimen314
\l_EQ_linewidth_dim=\dimen315
\EmphEqdelimitershortfall=\dimen316
\EmphEqdelimiterfactor=\count344
\g_EQ_toptag_height_dim=\dimen317
\g_EQ_bottomtag_depth_dim=\dimen318
\g_EQ_toprow_height_dim=\dimen319
\g_EQ_bottomrow_depth_dim=\dimen320
\g_EQ_widesttag_dim=\dimen321
\EQ_mathdisplay_box=\box77
\EQ_tag_box=\box78
\g_EQ_temprow_int=\count345
) (C:\Users\Vaynilla\AppData\Local\Programs\MiKTeX\tex/latex/tools\xspace.sty
Package: xspace 2014/10/28 v1.13 Space after command names (DPC,MH)
)
(C:\Users\Vaynilla\AppData\Local\Programs\MiKTeX\tex/latex/xurl\xurl.sty
Package: xurl 2022/01/09 v 0.10 modify URL breaks
)
(C:\Users\Vaynilla\AppData\Local\Programs\MiKTeX\tex/latex/gensymb\gensymb.sty
Package: gensymb 2022/10/17 v1.0.2 (KJH)
)
(C:\Users\Vaynilla\AppData\Local\Programs\MiKTeX\tex/latex/l3backend\l3backend-
pdftex.def
File: l3backend-pdftex.def 2023-03-30 L3 backend support: PDF output (pdfTeX)
\l__color_backend_stack_int=\count346
\l__pdf_internal_box=\box79
) (CantonRuizDavid_Presentacion.aux)
\openout1 = `CantonRuizDavid_Presentacion.aux'.

LaTeX Font Info:    Checking defaults for OML/cmm/m/it on input line 23.
LaTeX Font Info:    ... okay on input line 23.
LaTeX Font Info:    Checking defaults for OMS/cmsy/m/n on input line 23.
LaTeX Font Info:    ... okay on input line 23.
LaTeX Font Info:    Checking defaults for OT1/cmr/m/n on input line 23.
LaTeX Font Info:    ... okay on input line 23.
LaTeX Font Info:    Checking defaults for T1/cmr/m/n on input line 23.
LaTeX Font Info:    ... okay on input line 23.
LaTeX Font Info:    Checking defaults for TS1/cmr/m/n on input line 23.
LaTeX Font Info:    ... okay on input line 23.
LaTeX Font Info:    Checking defaults for OMX/cmex/m/n on input line 23.
LaTeX Font Info:    ... okay on input line 23.
LaTeX Font Info:    Checking defaults for U/cmr/m/n on input line 23.
LaTeX Font Info:    ... okay on input line 23.
LaTeX Font Info:    Checking defaults for PD1/pdf/m/n on input line 23.
LaTeX Font Info:    ... okay on input line 23.
LaTeX Font Info:    Checking defaults for PU/pdf/m/n on input line 23.
LaTeX Font Info:    ... okay on input line 23.

*geometry* driver: auto-detecting
*geometry* detected driver: pdftex
*geometry* verbose mode - [ preamble ] result:
* driver: pdftex
* paper: custom
* layout: <same size as paper>
* layoutoffset:(h,v)=(0.0pt,0.0pt)
* modes: includehead includefoot 
* h-part:(L,W,R)=(28.45274pt, 307.28987pt, 28.45274pt)
* v-part:(T,H,B)=(0.0pt, 273.14662pt, 0.0pt)
* \paperwidth=364.19536pt
* \paperheight=273.14662pt
* \textwidth=307.28987pt
* \textheight=244.6939pt
* \oddsidemargin=-43.81725pt
* \evensidemargin=-43.81725pt
* \topmargin=-72.26999pt
* \headheight=14.22636pt
* \headsep=0.0pt
* \topskip=11.0pt
* \footskip=14.22636pt
* \marginparwidth=4.0pt
* \marginparsep=10.0pt
* \columnsep=10.0pt
* \skip\footins=10.0pt plus 4.0pt minus 2.0pt
* \hoffset=0.0pt
* \voffset=0.0pt
* \mag=1000
* \@twocolumnfalse
* \@twosidefalse
* \@mparswitchfalse
* \@reversemarginfalse
* (1in=72.27pt=25.4mm, 1cm=28.453pt)


(C:\Users\Vaynilla\AppData\Local\Programs\MiKTeX\tex/context/base/mkii\supp-pdf
.mkii
[Loading MPS to PDF converter (version 2006.09.02).]
\scratchcounter=\count347
\scratchdimen=\dimen322
\scratchbox=\box80
\nofMPsegments=\count348
\nofMParguments=\count349
\everyMPshowfont=\toks45
\MPscratchCnt=\count350
\MPscratchDim=\dimen323
\MPnumerator=\count351
\makeMPintoPDFobject=\count352
\everyMPtoPDFconversion=\toks46
)
(C:\Users\Vaynilla\AppData\Local\Programs\MiKTeX\tex/latex/epstopdf-pkg\epstopd
f-base.sty
Package: epstopdf-base 2020-01-24 v2.11 Base part for package epstopdf
Package epstopdf-base Info: Redefining graphics rule for `.eps' on input line 4
85.

(C:\Users\Vaynilla\AppData\Local\Programs\MiKTeX\tex/latex/00miktex\epstopdf-sy
s.cfg
File: epstopdf-sys.cfg 2021/03/18 v2.0 Configuration of epstopdf for MiKTeX
))
Package hyperref Info: Link coloring OFF on input line 23.
 (CantonRuizDavid_Presentacion.out) (CantonRuizDavid_Presentacion.out)
\@outlinefile=\write5
\openout5 = `CantonRuizDavid_Presentacion.out'.

LaTeX Font Info:    Overwriting symbol font `operators' in version `normal'
(Font)                  OT1/cmr/m/n --> OT1/cmss/m/n on input line 23.
LaTeX Font Info:    Overwriting symbol font `operators' in version `bold'
(Font)                  OT1/cmr/bx/n --> OT1/cmss/b/n on input line 23.
\symnumbers=\mathgroup6
\sympureletters=\mathgroup7
LaTeX Font Info:    Overwriting math alphabet `\mathrm' in version `normal'
(Font)                  OT1/cmss/m/n --> OT1/cmr/m/n on input line 23.
LaTeX Font Info:    Redeclaring math alphabet \mathbf on input line 23.
LaTeX Font Info:    Overwriting math alphabet `\mathbf' in version `normal'
(Font)                  OT1/cmr/bx/n --> OT1/cmss/b/n on input line 23.
LaTeX Font Info:    Overwriting math alphabet `\mathbf' in version `bold'
(Font)                  OT1/cmr/bx/n --> OT1/cmss/b/n on input line 23.
LaTeX Font Info:    Redeclaring math alphabet \mathsf on input line 23.
LaTeX Font Info:    Overwriting math alphabet `\mathsf' in version `normal'
(Font)                  OT1/cmss/m/n --> OT1/cmss/m/n on input line 23.
LaTeX Font Info:    Overwriting math alphabet `\mathsf' in version `bold'
(Font)                  OT1/cmss/bx/n --> OT1/cmss/m/n on input line 23.
LaTeX Font Info:    Redeclaring math alphabet \mathit on input line 23.
LaTeX Font Info:    Overwriting math alphabet `\mathit' in version `normal'
(Font)                  OT1/cmr/m/it --> OT1/cmss/m/it on input line 23.
LaTeX Font Info:    Overwriting math alphabet `\mathit' in version `bold'
(Font)                  OT1/cmr/bx/it --> OT1/cmss/m/it on input line 23.
LaTeX Font Info:    Redeclaring math alphabet \mathtt on input line 23.
LaTeX Font Info:    Overwriting math alphabet `\mathtt' in version `normal'
(Font)                  OT1/cmtt/m/n --> OT1/cmtt/m/n on input line 23.
LaTeX Font Info:    Overwriting math alphabet `\mathtt' in version `bold'
(Font)                  OT1/cmtt/m/n --> OT1/cmtt/m/n on input line 23.
LaTeX Font Info:    Overwriting symbol font `numbers' in version `bold'
(Font)                  OT1/cmss/m/n --> OT1/cmss/b/n on input line 23.
LaTeX Font Info:    Overwriting symbol font `pureletters' in version `bold'
(Font)                  OT1/cmss/m/it --> OT1/cmss/b/it on input line 23.
LaTeX Font Info:    Overwriting math alphabet `\mathrm' in version `bold'
(Font)                  OT1/cmss/b/n --> OT1/cmr/b/n on input line 23.
LaTeX Font Info:    Overwriting math alphabet `\mathbf' in version `bold'
(Font)                  OT1/cmss/b/n --> OT1/cmss/b/n on input line 23.
LaTeX Font Info:    Overwriting math alphabet `\mathsf' in version `bold'
(Font)                  OT1/cmss/m/n --> OT1/cmss/b/n on input line 23.
LaTeX Font Info:    Overwriting math alphabet `\mathit' in version `bold'
(Font)                  OT1/cmss/m/it --> OT1/cmss/b/it on input line 23.
LaTeX Font Info:    Overwriting math alphabet `\mathtt' in version `bold'
(Font)                  OT1/cmtt/m/n --> OT1/cmtt/b/n on input line 23.
LaTeX Font Info:    Redeclaring symbol font `pureletters' on input line 23.
LaTeX Font Info:    Overwriting symbol font `pureletters' in version `normal'
(Font)                  OT1/cmss/m/it --> OT1/mathkerncmss/m/sl on input line 2
3.
LaTeX Font Info:    Overwriting symbol font `pureletters' in version `bold'
(Font)                  OT1/cmss/b/it --> OT1/mathkerncmss/m/sl on input line 2
3.
LaTeX Font Info:    Overwriting symbol font `pureletters' in version `bold'
(Font)                  OT1/mathkerncmss/m/sl --> OT1/mathkerncmss/bx/sl on inp
ut line 23.

(C:\Users\Vaynilla\AppData\Local\Programs\MiKTeX\tex/latex/translator\translato
r-basic-dictionary-English.dict
Dictionary: translator-basic-dictionary, Language: English 
)
(C:\Users\Vaynilla\AppData\Local\Programs\MiKTeX\tex/latex/translator\translato
r-bibliography-dictionary-English.dict
Dictionary: translator-bibliography-dictionary, Language: English 
)
(C:\Users\Vaynilla\AppData\Local\Programs\MiKTeX\tex/latex/translator\translato
r-environment-dictionary-English.dict
Dictionary: translator-environment-dictionary, Language: English 
)
(C:\Users\Vaynilla\AppData\Local\Programs\MiKTeX\tex/latex/translator\translato
r-months-dictionary-English.dict
Dictionary: translator-months-dictionary, Language: English 
)
(C:\Users\Vaynilla\AppData\Local\Programs\MiKTeX\tex/latex/translator\translato
r-numbers-dictionary-English.dict
Dictionary: translator-numbers-dictionary, Language: English 
)
(C:\Users\Vaynilla\AppData\Local\Programs\MiKTeX\tex/latex/translator\translato
r-theorem-dictionary-English.dict
Dictionary: translator-theorem-dictionary, Language: English 
)
Package caption Info: Begin \AtBeginDocument code.
Package caption Info: End \AtBeginDocument code.
LaTeX Info: Redefining \celsius on input line 23.
Package gensymb Info: Faking symbols for \degree and \celsius on input line 23.



Package gensymb Warning: Not defining \perthousand.

LaTeX Info: Redefining \ohm on input line 23.
Package gensymb Info: Using \Omega for \ohm on input line 23.

Package gensymb Warning: Not defining \micro.

(CantonRuizDavid_Presentacion.nav) [1

{C:/Users/Vaynilla/AppData/Local/MiKTeX/fonts/map/pdftex/pdftex.map}] (CantonRu
izDavid_Presentacion.toc) [2

]
LaTeX Font Info:    Trying to load font information for U+msa on input line 47.


(C:\Users\Vaynilla\AppData\Local\Programs\MiKTeX\tex/latex/amsfonts\umsa.fd
File: umsa.fd 2013/01/14 v3.01 AMS symbols A
)
LaTeX Font Info:    Trying to load font information for U+msb on input line 47.


(C:\Users\Vaynilla\AppData\Local\Programs\MiKTeX\tex/latex/amsfonts\umsb.fd
File: umsb.fd 2013/01/14 v3.01 AMS symbols B
)
LaTeX Font Info:    Trying to load font information for OT1+mathkerncmss on inp
ut line 47.

(C:\Users\Vaynilla\AppData\Local\Programs\MiKTeX\tex/latex/sansmathaccent\ot1ma
thkerncmss.fd
File: ot1mathkerncmss.fd 2020/01/31 Fontinst v1.933 font definitions for OT1/ma
thkerncmss.
)
<react.jpg, id=147, 1204.5pt x 667.49374pt>
File: react.jpg Graphic file (type jpg)
<use react.jpg>
Package pdftex.def Info: react.jpg  used on input line 47.
(pdftex.def)             Requested size: 92.1879pt x 51.07838pt.
<python.png, id=148, 3854.4pt x 2168.1pt>
File: python.png Graphic file (type png)
<use python.png>
Package pdftex.def Info: python.png  used on input line 47.
(pdftex.def)             Requested size: 92.1879pt x 51.84027pt.
<edificio_6habs.png, id=149, 625.58719pt x 547.2947pt>
File: edificio_6habs.png Graphic file (type png)
<use edificio_6habs.png>
Package pdftex.def Info: edificio_6habs.png  used on input line 47.
(pdftex.def)             Requested size: 122.91406pt x 107.52791pt.
 [3

 <./react.jpg> <./python.png> <./edificio_6habs.png>] [4

]
[5

]
Overfull \hbox (12.55403pt too wide) detected at line 88
[]\OT1/cmss/m/n/10.95 (\OT1/mathkerncmss/m/sl/10.95 x\OT1/cmss/m/n/10.95 ) = []
 \OML/cmm/m/it/10.95 ;  []\OT1/cmss/m/n/10.95 (\OT1/mathkerncmss/m/sl/10.95 x\O
T1/cmss/m/n/10.95 ) = [] \OML/cmm/m/it/10.95 ;  []\OT1/cmss/m/n/10.95 (\OT1/mat
hkerncmss/m/sl/10.95 x\OML/cmm/m/it/10.95 ; \OT1/mathkerncmss/m/sl/10.95 t\OT1/
cmss/m/n/10.95 ) = [] \OML/cmm/m/it/10.95 :
 []

[6

]
<suma_parcial_sol.png, id=266, 481.8pt x 359.84438pt>
File: suma_parcial_sol.png Graphic file (type png)
<use suma_parcial_sol.png>
Package pdftex.def Info: suma_parcial_sol.png  used on input line 104.
(pdftex.def)             Requested size: 153.64493pt x 114.75172pt.
 [7

 <./suma_parcial_sol.png (PNG copy)>] [8

]
<comp_sol_ej43.png, id=324, 481.8pt x 359.84438pt>
File: comp_sol_ej43.png Graphic file (type png)
<use comp_sol_ej43.png>
Package pdftex.def Info: comp_sol_ej43.png  used on input line 124.
(pdftex.def)             Requested size: 245.83282pt x 183.60605pt.
 [9

 <./comp_sol_ej43.png (PNG copy)>] [10

]
<edificio_3habs.png, id=378, 411.78844pt x 363.60844pt>
File: edificio_3habs.png Graphic file (type png)
<use edificio_3habs.png>
Package pdftex.def Info: edificio_3habs.png  used on input line 149.
(pdftex.def)             Requested size: 122.91406pt x 108.53409pt.

Overfull \hbox (2.06358pt too wide) detected at line 149
[][]
 []

[11

 <./edificio_3habs.png>]
<graf_sol3.png, id=407, 481.8pt x 359.84438pt>
File: graf_sol3.png Graphic file (type png)
<use graf_sol3.png>
Package pdftex.def Info: graf_sol3.png  used on input line 158.
(pdftex.def)             Requested size: 245.83282pt x 183.60605pt.
 [12

 <./graf_sol3.png (PNG copy)>]
<microservicios.png, id=435, 483.30562pt x 291.33844pt>
File: microservicios.png Graphic file (type png)
<use microservicios.png>
Package pdftex.def Info: microservicios.png  used on input line 177.
(pdftex.def)             Requested size: 152.10828pt x 91.69206pt.

Overfull \hbox (13.82878pt too wide) in paragraph at lines 177--177
[][] 
 []

<2niveles.png, id=436, 340.27126pt x 138.5175pt>
File: 2niveles.png Graphic file (type png)
<use 2niveles.png>
Package pdftex.def Info: 2niveles.png  used on input line 177.
(pdftex.def)             Requested size: 152.10828pt x 61.92014pt.

Overfull \hbox (13.82878pt too wide) in paragraph at lines 177--177
[][] 
 []

[13

 <./microservicios.png> <./2niveles.png>]
<diagrama.png, id=466, 1017.8025pt x 400.49625pt>
File: diagrama.png Graphic file (type png)
<use diagrama.png>
Package pdftex.def Info: diagrama.png  used on input line 186.
(pdftex.def)             Requested size: 307.28987pt x 120.91368pt.
 [14

 <./diagrama.png>] [15

]
\tf@nav=\write6
\openout6 = `CantonRuizDavid_Presentacion.nav'.

\tf@toc=\write7
\openout7 = `CantonRuizDavid_Presentacion.toc'.

\tf@snm=\write8
\openout8 = `CantonRuizDavid_Presentacion.snm'.


(CantonRuizDavid_Presentacion.aux)
Package rerunfilecheck Info: File `CantonRuizDavid_Presentacion.out' has not ch
anged.
(rerunfilecheck)             Checksum: 4D70511C51A69DA748E7C3D630C75A68;2084.
 ) 
Here is how much of TeX's memory you used:
 24703 strings out of 476331
 493746 string characters out of 5786349
 1867660 words of memory out of 5000000
 44598 multiletter control sequences out of 15000+600000
 521130 words of font info for 63 fonts, out of 8000000 for 9000
 1141 hyphenation exceptions out of 8191
 128i,16n,122p,453b,631s stack positions out of 10000i,1000n,20000p,200000b,200000s
<C:/Users/Vaynilla/AppData/Local/Programs/MiKTeX/fonts/type1/public/amsfonts/
cm/cmex10.pfb><C:/Users/Vaynilla/AppData/Local/Programs/MiKTeX/fonts/type1/publ
ic/amsfonts/cm/cmmi10.pfb><C:/Users/Vaynilla/AppData/Local/Programs/MiKTeX/font
s/type1/public/amsfonts/cm/cmr10.pfb><C:/Users/Vaynilla/AppData/Local/Programs/
MiKTeX/fonts/type1/public/amsfonts/cm/cmss10.pfb><C:/Users/Vaynilla/AppData/Loc
al/Programs/MiKTeX/fonts/type1/public/amsfonts/cm/cmss12.pfb><C:/Users/Vaynilla
/AppData/Local/Programs/MiKTeX/fonts/type1/public/amsfonts/cm/cmss8.pfb><C:/Use
rs/Vaynilla/AppData/Local/Programs/MiKTeX/fonts/type1/public/amsfonts/cm/cmss9.
pfb><C:/Users/Vaynilla/AppData/Local/Programs/MiKTeX/fonts/type1/public/amsfont
s/cm/cmssbx10.pfb><C:/Users/Vaynilla/AppData/Local/Programs/MiKTeX/fonts/type1/
public/amsfonts/cm/cmssi10.pfb><C:/Users/Vaynilla/AppData/Local/Programs/MiKTeX
/fonts/type1/public/amsfonts/cm/cmssi8.pfb><C:/Users/Vaynilla/AppData/Local/Pro
grams/MiKTeX/fonts/type1/public/amsfonts/cm/cmsy10.pfb><C:/Users/Vaynilla/AppDa
ta/Local/Programs/MiKTeX/fonts/type1/public/amsfonts/cm/cmsy8.pfb><C:/Users/Vay
nilla/AppData/Local/Programs/MiKTeX/fonts/type1/public/amsfonts/symbols/msam10.
pfb>
Output written on CantonRuizDavid_Presentacion.pdf (15 pages, 653730 bytes).
PDF statistics:
 585 PDF objects out of 1000 (max. 8388607)
 40 named destinations out of 1000 (max. 500000)
 237 words of extra memory for PDF output out of 10000 (max. 10000000)

